2019-05-27 22:04:13,416 - INFO - app.py - root - 144 - info log
2019-05-27 22:04:13,416 - WARNING - app.py - root - 145 - warning log
2019-05-27 22:16:09,017 - INFO - app.py - root - 145 - info log
2019-05-27 22:16:09,018 - WARNING - app.py - root - 146 - warning log
2019-05-27 22:16:19,242 - INFO - app.py - login - 109 - aalogin
2019-05-27 22:17:17,623 - INFO - app.py - login - 109 - user: aa login
2019-05-27 22:30:25,948 - INFO - app.py - login - 109 - user: aa login
2019-05-27 22:33:41,450 - INFO - app.py - login - 111 - user: aa login
2019-05-27 22:36:03,552 - INFO - app.py - login - 111 - user: aa login
2019-05-27 22:36:51,273 - INFO - app.py - login - 111 - user: aa login
2019-05-27 22:38:33,366 - INFO - app.py - login - 111 - user: aa login
2019-05-27 22:39:42,018 - INFO - app.py - login - 111 - user: aa login
2019-05-27 22:42:30,188 - INFO - app.py - login - 112 - user: aa login
2019-05-27 22:43:48,275 - INFO - app.py - login - 112 - user: aa login
2019-05-27 22:43:58,888 - INFO - app.py - login - 112 - user: aa login
2019-05-27 22:45:22,937 - INFO - app.py - login - 112 - user: aa login
2019-05-27 22:46:24,346 - INFO - app.py - login - 113 - user: aa login
2019-05-27 22:50:53,168 - INFO - app.py - login - 115 - user: aa login
2019-05-27 22:51:35,169 - INFO - app.py - login - 116 - user: aa login
2019-05-27 22:52:40,784 - INFO - app.py - login - 116 - user: aa login
2019-05-27 22:54:39,710 - INFO - app.py - login - 114 - user: aa login
2019-05-27 22:59:52,499 - INFO - app.py - login - 114 - user: aa login
2019-05-27 23:02:37,406 - INFO - app.py - login - 114 - user: aa login
2019-05-27 23:02:48,842 - INFO - app.py - login - 114 - user: aa login
2019-05-28 12:23:51,809 - INFO - app.py - login - 114 - user: aa login
2019-05-28 12:24:26,963 - INFO - app.py - login - 114 - user: aa login
2019-05-28 12:28:27,726 - INFO - app.py - login - 115 - user: aa login
2019-05-28 12:30:21,258 - INFO - app.py - login - 116 - user: aa login
2019-05-28 12:30:59,028 - INFO - app.py - login - 116 - user: aa login
2019-05-28 12:32:44,070 - INFO - app.py - login - 116 - user: aa login
2019-05-28 12:33:40,801 - INFO - app.py - login - 116 - user: aa login
2019-05-28 12:34:42,802 - INFO - app.py - login - 116 - user: aa login
2019-05-28 12:35:39,590 - INFO - app.py - login - 116 - user: aa login
2019-05-28 12:42:07,511 - INFO - app.py - login - 114 - user: aa login
2019-05-28 12:44:50,738 - INFO - app.py - login - 114 - user: aa login
2019-05-28 12:49:26,721 - INFO - app.py - login - 114 - user: aa login
2019-05-28 12:49:53,170 - INFO - app.py - login - 114 - user: aa login
2019-05-28 12:52:57,437 - INFO - app.py - login - 114 - user: aa login
2019-05-28 12:54:58,955 - INFO - app.py - login - 114 - user: aa login
2019-05-28 13:19:08,489 - INFO - app.py - login - 114 - user: aa login
2019-05-28 13:19:58,285 - INFO - app.py - login - 114 - user: aa login
2019-05-28 13:21:15,104 - INFO - app.py - login - 114 - user: aa login
2019-05-28 13:30:43,963 - INFO - app.py - login - 113 - user: aa login
2019-05-28 13:32:49,983 - INFO - app.py - login - 113 - user: aa login
2019-05-28 13:35:33,816 - INFO - app.py - login - 105 - user: aa login
2019-05-28 13:40:08,860 - INFO - app.py - register - 84 - user: bb sign in
2019-05-28 13:40:20,532 - INFO - app.py - login - 103 - user: bb login
2019-05-29 14:12:35,565 - INFO - app.py - register - 100 - user: a sign in
2019-05-29 14:14:52,136 - INFO - app.py - register - 100 - user: a sign in
2019-05-29 14:18:17,823 - INFO - app.py - register - 100 - user: a sign in
2019-05-29 14:22:00,233 - INFO - app.py - register - 100 - user: a sign in
2019-05-29 14:26:09,888 - INFO - app.py - register - 100 - user: a sign in
2019-05-29 14:27:55,475 - INFO - app.py - login - 133 - user: a login
2019-05-29 14:30:22,285 - INFO - app.py - login - 133 - user: a login
2019-05-29 14:31:10,353 - INFO - app.py - login - 133 - user: a login
2019-05-29 14:40:18,128 - INFO - app.py - login - 133 - user: a login
2019-05-29 14:47:48,385 - INFO - app.py - login - 114 - user: a login
2019-05-29 14:50:16,045 - INFO - app.py - login - 114 - user: a login
2019-05-29 14:52:01,607 - INFO - app.py - login - 114 - user: a login
2019-05-29 16:15:08,592 - INFO - app.py - login - 115 - user: a login
2019-05-29 16:18:12,558 - INFO - app.py - login - 115 - user: a login
2019-05-29 16:25:54,976 - INFO - app.py - login - 111 - user: a login
2019-05-29 16:27:25,149 - INFO - app.py - login - 111 - user: a login
2019-05-29 16:29:26,861 - INFO - app.py - login - 111 - user: a login
2019-05-29 16:38:08,230 - INFO - app.py - login - 111 - user: a login
2019-05-29 16:38:51,641 - INFO - app.py - login - 111 - user: a login
2019-05-29 16:40:01,527 - INFO - app.py - login - 111 - user: a login
2019-05-29 16:41:27,166 - INFO - app.py - login - 111 - user: a login
2019-05-29 16:42:15,989 - INFO - app.py - login - 111 - user: a login
2019-05-29 16:43:28,717 - INFO - app.py - login - 111 - user: a login
2019-05-29 16:46:18,301 - INFO - app.py - login - 111 - user: a login
2019-05-29 16:48:09,127 - INFO - app.py - login - 111 - user: a login
2019-05-29 16:50:20,425 - INFO - app.py - login - 111 - user: a login
2019-05-29 16:52:26,917 - INFO - app.py - login - 111 - user: a login
2019-05-29 16:53:04,775 - INFO - app.py - login - 111 - user: a login
2019-05-29 16:54:28,597 - INFO - app.py - login - 111 - user: a login
2019-05-29 16:58:25,134 - INFO - app.py - login - 111 - user: a login
2019-05-29 17:00:00,044 - INFO - app.py - login - 111 - user: a login
2019-05-29 17:09:44,650 - INFO - app.py - login - 111 - user: a login
2019-05-29 17:10:33,349 - INFO - app.py - login - 111 - user: a login
2019-05-29 17:16:08,585 - INFO - app.py - login - 111 - user: a login
2019-05-29 17:17:23,975 - INFO - app.py - login - 111 - user: a login
2019-05-29 17:19:39,288 - INFO - app.py - login - 111 - user: a login
2019-05-29 17:21:58,461 - INFO - app.py - login - 111 - user: a login
2019-05-29 17:23:15,825 - INFO - app.py - login - 111 - user: a login
2019-05-29 17:24:04,129 - INFO - app.py - login - 111 - user: a login
2019-05-29 17:25:21,941 - INFO - app.py - login - 111 - user: a login
2019-05-29 17:31:36,951 - INFO - app.py - login - 111 - user: a login
2019-05-29 17:32:04,886 - INFO - app.py - login - 111 - user: a login
2019-05-31 16:27:09,281 - INFO - app.py - login - 111 - user: a login
2019-05-31 16:29:18,312 - INFO - app.py - login - 111 - user: a login
2019-05-31 16:30:08,931 - INFO - app.py - login - 111 - user: a login
2019-05-31 16:32:30,677 - INFO - app.py - login - 111 - user: a login
2019-05-31 16:35:13,763 - INFO - app.py - login - 111 - user: a login
2019-05-31 16:36:33,425 - INFO - app.py - login - 111 - user: a login
2019-05-31 16:39:00,845 - INFO - app.py - login - 111 - user: a login
2019-05-31 16:44:12,252 - INFO - app.py - login - 111 - user: a login
2019-05-31 16:46:57,409 - INFO - app.py - login - 111 - user: a login
2019-05-31 16:48:33,670 - INFO - app.py - login - 111 - user: a login
2019-05-31 16:49:37,688 - INFO - app.py - login - 111 - user: a login
2019-05-31 16:51:46,305 - INFO - app.py - login - 111 - user: a login
2019-05-31 16:57:41,075 - INFO - app.py - login - 111 - user: a login
2019-05-31 22:34:55,122 - INFO - app.py - login - 111 - user: a login
2019-05-31 22:39:10,810 - INFO - app.py - login - 111 - user: a login
2019-06-01 23:22:03,303 - INFO - app.py - login - 111 - user: a login
2019-06-01 23:25:19,625 - INFO - app.py - login - 111 - user: a login
2019-06-01 23:29:36,374 - INFO - app.py - login - 111 - user: a login
2019-06-01 23:30:28,123 - INFO - app.py - login - 111 - user: a login
2019-06-01 23:31:33,448 - INFO - app.py - login - 111 - user: a login
2019-06-01 23:37:54,538 - INFO - app.py - login - 111 - user: a login
2019-06-01 23:41:54,675 - INFO - app.py - login - 111 - user: a login
2019-06-01 23:42:26,906 - INFO - app.py - login - 111 - user: a login
2019-06-01 23:42:56,444 - INFO - app.py - login - 111 - user: a login
2019-06-05 16:08:57,380 - INFO - app.py - login - 111 - user: a login
2019-06-05 16:10:49,288 - INFO - app.py - login - 111 - user: a login
2019-06-05 16:12:45,403 - INFO - app.py - login - 111 - user: a login
2019-06-05 16:15:35,062 - INFO - app.py - login - 111 - user: a login
2019-06-05 16:16:41,176 - INFO - app.py - login - 111 - user: a login
2019-06-05 17:50:33,465 - INFO - app.py - login - 111 - user: a login
2019-06-05 17:54:45,041 - INFO - app.py - login - 111 - user: a login
2019-06-05 17:55:34,264 - INFO - app.py - login - 111 - user: a login
2019-06-05 17:59:43,299 - INFO - app.py - login - 111 - user: a login
2019-06-05 18:00:27,534 - INFO - app.py - login - 111 - user: a login
2019-06-05 18:01:31,021 - INFO - app.py - login - 111 - user: a login
2019-06-05 18:03:01,118 - INFO - app.py - login - 111 - user: a login
2019-06-05 18:05:30,680 - INFO - app.py - login - 111 - user: a login
2019-06-05 18:08:10,200 - INFO - app.py - login - 111 - user: a login
2019-06-05 18:08:46,472 - INFO - app.py - login - 111 - user: a login
2019-06-05 18:11:31,430 - INFO - app.py - login - 111 - user: a login
2019-06-10 15:50:38,987 - INFO - app.py - login - 111 - user: a login
2019-06-11 14:21:53,658 - INFO - app.py - login - 111 - user: a login
2019-06-11 18:57:33,563 - INFO - app.py - login - 106 - user: a login
2019-06-11 19:12:10,217 - INFO - app.py - login - 106 - user: a login
2019-06-11 19:14:16,894 - INFO - app.py - login - 106 - user: a login
2019-06-11 19:16:25,882 - INFO - app.py - login - 106 - user: a login
2019-06-11 19:55:38,317 - INFO - app.py - login - 106 - user: a login
2019-06-11 20:02:46,453 - INFO - app.py - login - 106 - user: a login
2019-06-11 20:15:08,944 - INFO - app.py - login - 106 - user: a login
2019-06-11 20:28:56,476 - INFO - app.py - login - 106 - user: a login
2019-06-11 21:12:52,456 - INFO - app.py - login - 104 - user: a login
2019-06-11 21:43:56,536 - INFO - app.py - login - 104 - user: a login
2019-06-11 21:45:04,462 - INFO - app.py - login - 104 - user: a login
2019-06-11 21:45:42,161 - INFO - app.py - login - 104 - user: a login
2019-06-11 21:48:07,802 - INFO - app.py - login - 104 - user: a login
2019-06-11 22:29:40,481 - INFO - app.py - login - 104 - user: a login
2019-06-11 22:32:25,291 - INFO - app.py - login - 104 - user: a login
2019-06-11 22:34:01,465 - INFO - app.py - login - 104 - user: a login
2019-06-11 22:36:40,991 - INFO - app.py - login - 104 - user: a login
2019-06-11 22:41:00,783 - INFO - app.py - login - 104 - user: a login
2019-06-11 22:44:34,315 - INFO - app.py - login - 104 - user: a login
2019-06-11 22:45:31,841 - INFO - app.py - login - 104 - user: a login
2019-06-11 22:50:30,705 - INFO - app.py - login - 104 - user: a login
2019-06-11 22:57:49,028 - INFO - app.py - login - 104 - user: a login
2019-06-11 23:06:11,908 - INFO - app.py - login - 104 - user: a login
2019-06-11 23:08:36,599 - INFO - app.py - login - 104 - user: a login
2019-06-11 23:08:36,835 - INFO - app.py - login - 104 - user: a login
2019-06-11 23:10:22,680 - INFO - app.py - login - 104 - user: a login
2019-06-11 23:11:53,512 - INFO - app.py - login - 104 - user: a login
2019-06-11 23:14:30,328 - INFO - app.py - login - 104 - user: a login
2019-06-11 23:19:33,691 - INFO - app.py - login - 104 - user: a login
2019-06-11 23:24:10,918 - INFO - app.py - login - 104 - user: a login
2019-06-11 23:30:25,568 - INFO - app.py - login - 104 - user: a login
2019-06-11 23:31:45,524 - INFO - app.py - login - 104 - user: a login
2019-06-11 23:32:22,917 - INFO - app.py - login - 104 - user: a login
2019-06-11 23:54:35,048 - INFO - app.py - login - 104 - user: a login
2019-06-11 23:56:16,815 - INFO - app.py - login - 104 - user: a login
2019-06-11 23:59:21,771 - INFO - app.py - login - 104 - user: a login
2019-06-12 00:00:28,262 - INFO - app.py - login - 104 - user: a login
2019-06-12 00:02:27,671 - INFO - app.py - login - 104 - user: a login
2019-06-12 00:05:52,452 - INFO - app.py - login - 104 - user: a login
2019-06-12 00:22:00,263 - INFO - app.py - login - 104 - user: a login
2019-06-12 00:36:21,577 - INFO - app.py - login - 104 - user: a login
2019-06-12 00:38:12,808 - INFO - app.py - login - 104 - user: a login
2019-06-12 00:40:20,446 - INFO - app.py - login - 104 - user: a login
2019-06-12 00:46:39,342 - INFO - app.py - login - 104 - user: a login
2019-06-12 00:47:31,289 - INFO - app.py - login - 104 - user: a login
2019-06-12 00:48:32,839 - INFO - app.py - login - 104 - user: a login
2019-06-12 00:55:31,761 - INFO - app.py - login - 104 - user: a login
2019-06-12 00:57:16,141 - INFO - app.py - login - 104 - user: a login
2019-06-12 01:00:07,716 - INFO - app.py - login - 104 - user: a login
2019-06-12 01:01:23,775 - INFO - app.py - login - 104 - user: a login
2019-06-12 01:06:01,899 - INFO - app.py - login - 104 - user: a login
2019-06-12 01:17:00,405 - INFO - app.py - login - 104 - user: a login
2019-06-12 01:17:53,726 - INFO - app.py - login - 104 - user: a login
2019-06-12 01:21:35,459 - INFO - app.py - login - 104 - user: a login
2019-06-12 01:24:56,727 - INFO - app.py - login - 104 - user: a login
2019-06-12 01:26:02,942 - INFO - app.py - login - 104 - user: a login
2019-06-12 01:28:39,917 - INFO - app.py - login - 104 - user: a login
2019-06-12 01:30:35,577 - INFO - app.py - login - 104 - user: a login
2019-06-12 12:30:38,598 - INFO - app.py - login - 104 - user: a login
2019-06-12 12:35:40,479 - INFO - app.py - login - 104 - user: a login
2019-06-12 12:37:00,394 - INFO - app.py - login - 104 - user: a login
2019-06-12 12:37:32,808 - INFO - app.py - login - 104 - user: a login
2019-06-12 12:38:17,861 - INFO - app.py - login - 104 - user: a login
2019-06-12 12:39:26,847 - INFO - app.py - login - 104 - user: a login
2019-06-12 12:41:33,416 - INFO - app.py - login - 104 - user: a login
2019-06-12 12:42:17,013 - INFO - app.py - login - 104 - user: a login
2019-06-12 12:43:25,896 - INFO - app.py - login - 104 - user: a login
2019-06-12 12:54:43,480 - INFO - app.py - login - 104 - user: a login
2019-06-12 13:59:20,748 - INFO - app.py - login - 104 - user: a login
2019-06-12 14:01:55,503 - INFO - app.py - login - 104 - user: a login
2019-06-12 14:04:48,319 - INFO - app.py - login - 104 - user: a login
2019-06-12 14:07:05,802 - INFO - app.py - login - 104 - user: a login
2019-06-12 14:14:09,476 - INFO - app.py - login - 104 - user: a login
2019-06-12 14:23:01,253 - INFO - app.py - login - 104 - user: a login
2019-06-12 14:24:49,759 - INFO - app.py - login - 104 - user: a login
2019-06-12 14:27:16,572 - INFO - app.py - login - 104 - user: a login
2019-06-12 14:29:24,573 - INFO - app.py - login - 104 - user: a login
2019-06-12 14:35:42,178 - INFO - app.py - login - 104 - user: a login
2019-06-12 14:37:44,267 - INFO - app.py - login - 104 - user: a login
2019-06-12 14:39:14,533 - INFO - app.py - login - 104 - user: a login
2019-06-12 14:40:56,537 - INFO - app.py - login - 104 - user: a login
2019-06-12 14:43:32,794 - INFO - app.py - login - 104 - user: a login
2019-06-12 14:44:28,422 - INFO - app.py - login - 104 - user: a login
2019-06-13 17:16:22,236 - INFO - app.py - login - 103 - user: a login
2019-06-13 17:18:41,038 - INFO - app.py - login - 103 - user: a login
2019-06-13 17:24:21,939 - INFO - app.py - login - 103 - user: a login
2019-06-13 17:28:07,429 - INFO - app.py - login - 103 - user: a login
2019-06-13 18:27:43,967 - INFO - app.py - login - 103 - user: a login
2019-06-13 18:30:14,324 - INFO - app.py - login - 103 - user: a login
2019-06-13 18:34:06,594 - INFO - app.py - login - 103 - user: a login
2019-06-13 20:43:06,577 - INFO - app.py - login - 103 - user: a login
2019-06-13 20:55:01,541 - INFO - app.py - login - 103 - user: a login
2019-06-13 20:58:19,691 - INFO - app.py - login - 103 - user: a login
2019-06-13 21:00:00,483 - INFO - app.py - login - 103 - user: a login
2019-06-13 21:02:01,705 - INFO - app.py - login - 103 - user: a login
2019-06-13 21:02:28,148 - INFO - app.py - login - 103 - user: a login
2019-06-13 21:03:13,308 - INFO - app.py - login - 103 - user: a login
2019-06-13 21:04:09,768 - INFO - app.py - login - 103 - user: a login
2019-06-13 21:07:13,599 - INFO - app.py - login - 103 - user: a login
2019-06-13 21:08:18,642 - INFO - app.py - login - 103 - user: 11@163.com login
2019-06-13 21:12:32,499 - INFO - app.py - login - 103 - user: a login
2019-06-13 21:12:50,300 - INFO - app.py - login - 103 - user: 11@163.com login
2019-06-13 21:13:05,231 - INFO - app.py - login - 103 - user: a login
2019-06-13 21:16:34,222 - INFO - app.py - login - 103 - user: 11@163.com login
2019-06-13 21:16:48,818 - INFO - app.py - login - 103 - user: a login
2019-06-13 21:22:37,019 - INFO - app.py - login - 103 - user: 11@163.com login
2019-06-13 21:22:50,098 - INFO - app.py - login - 103 - user: a login
2019-06-13 21:24:16,928 - INFO - app.py - login - 103 - user: a login
2019-06-13 21:24:54,061 - INFO - app.py - login - 103 - user: a login
2019-06-13 21:25:55,936 - INFO - app.py - login - 103 - user: a login
2019-06-13 21:26:08,709 - INFO - app.py - login - 103 - user: 11@163.com login
2019-06-13 21:26:22,483 - INFO - app.py - login - 103 - user: a login
2019-06-13 21:43:26,224 - INFO - app.py - login - 103 - user: 11@163.com login
2019-06-13 21:44:51,858 - INFO - app.py - login - 103 - user: a login
2019-06-13 21:47:46,177 - INFO - app.py - login - 103 - user: a login
2019-06-13 21:50:07,335 - INFO - app.py - login - 103 - user: a login
2019-06-13 22:14:38,760 - INFO - app.py - login - 103 - user: a login
2019-06-13 22:26:32,719 - INFO - app.py - login - 103 - user: a login
2019-06-13 22:27:10,233 - INFO - app.py - login - 103 - user: a login
2019-06-13 22:32:31,804 - INFO - app.py - login - 103 - user: a login
2019-06-13 22:37:58,273 - INFO - app.py - login - 103 - user: a login
2019-06-13 22:39:52,381 - INFO - app.py - login - 103 - user: a login
2019-06-13 22:41:10,740 - INFO - app.py - login - 103 - user: a login
2019-06-13 23:04:12,424 - INFO - app.py - login - 103 - user: a login
2019-06-14 00:13:22,202 - INFO - app.py - login - 103 - user: a login
2019-06-14 09:30:23,933 - INFO - app.py - login - 103 - user: a login
2019-06-14 09:32:01,902 - INFO - app.py - login - 103 - user: a login
2019-06-14 09:33:04,924 - INFO - app.py - login - 103 - user: a login
2019-06-14 09:38:46,804 - INFO - app.py - login - 103 - user: a login
2019-06-14 09:45:44,481 - INFO - app.py - login - 103 - user: a login
2019-06-14 09:47:20,155 - INFO - app.py - login - 103 - user: a login
2019-06-14 09:48:28,808 - INFO - app.py - login - 103 - user: a login
2019-06-14 09:50:35,460 - INFO - app.py - login - 103 - user: a login
2019-06-14 09:55:34,130 - INFO - app.py - login - 103 - user: a login
2019-06-14 09:56:35,782 - INFO - app.py - login - 103 - user: a login
2019-06-14 10:41:29,740 - INFO - app.py - login - 103 - user: a login
2019-06-14 10:42:13,523 - INFO - app.py - login - 103 - user: a login
2019-06-14 10:44:30,452 - INFO - app.py - login - 103 - user: a login
2019-06-14 10:47:09,391 - INFO - app.py - login - 103 - user: a login
2019-06-14 10:52:39,765 - INFO - app.py - login - 103 - user: a login
2019-06-14 10:58:36,111 - INFO - app.py - login - 103 - user: a login
2019-06-14 11:02:28,309 - INFO - app.py - login - 103 - user: a login
2019-06-14 11:04:21,791 - INFO - app.py - login - 103 - user: a login
2019-06-14 11:07:08,273 - INFO - app.py - login - 103 - user: a login
2019-06-14 11:08:09,812 - INFO - app.py - login - 103 - user: a login
2019-06-14 11:27:27,690 - INFO - app.py - login - 103 - user: a login
2019-06-14 11:59:59,662 - INFO - app.py - login - 103 - user: a login
2019-06-14 12:00:41,819 - INFO - app.py - login - 103 - user: a login
2019-06-14 12:02:20,891 - INFO - app.py - login - 103 - user: a login
2019-06-14 12:03:18,551 - INFO - app.py - login - 103 - user: a login
2019-06-14 12:04:42,158 - INFO - app.py - login - 103 - user: a login
2019-06-14 12:45:18,978 - INFO - app.py - login - 103 - user: a login
2019-06-14 13:00:09,331 - INFO - app.py - login - 103 - user: a login
2019-06-14 13:04:07,540 - INFO - app.py - login - 103 - user: a login
2019-06-14 13:05:52,810 - INFO - app.py - login - 103 - user: a login
2019-06-14 13:09:52,553 - INFO - app.py - login - 103 - user: a login
2019-06-14 13:10:45,181 - INFO - app.py - login - 103 - user: a login
2019-06-14 13:13:13,212 - INFO - app.py - login - 103 - user: a login
2019-06-14 13:15:52,089 - INFO - app.py - login - 103 - user: a login
2019-06-14 13:17:44,521 - INFO - app.py - login - 103 - user: a login
2019-06-14 13:18:27,115 - INFO - app.py - login - 103 - user: a login
2019-06-14 13:25:43,927 - INFO - app.py - login - 103 - user: a login
2019-06-14 13:31:03,706 - INFO - app.py - login - 103 - user: a login
2019-06-14 13:34:56,571 - INFO - app.py - login - 103 - user: a login
2019-06-14 13:37:38,848 - INFO - app.py - login - 103 - user: a login
2019-06-14 13:39:29,555 - INFO - app.py - login - 103 - user: a login
2019-06-14 13:52:08,522 - INFO - app.py - login - 103 - user: a login
2019-06-14 13:54:42,755 - INFO - app.py - login - 103 - user: a login
2019-06-14 13:55:53,725 - INFO - app.py - login - 103 - user: a login
2019-06-14 13:58:37,231 - INFO - app.py - login - 103 - user: a login
2019-06-14 14:01:23,959 - INFO - app.py - login - 103 - user: a login
2019-06-14 14:02:15,207 - INFO - app.py - login - 103 - user: a login
2019-06-14 14:02:52,260 - INFO - app.py - login - 103 - user: a login
2019-06-14 14:04:17,607 - INFO - app.py - login - 103 - user: a login
2019-06-14 14:05:49,583 - INFO - app.py - login - 103 - user: a login
2019-06-14 14:06:59,893 - INFO - app.py - login - 103 - user: a login
2019-06-14 14:08:07,613 - INFO - app.py - login - 103 - user: a login
2019-06-14 14:08:42,510 - INFO - app.py - login - 103 - user: a login
2019-06-14 14:09:22,650 - INFO - app.py - login - 103 - user: a login
2019-06-14 14:10:31,640 - INFO - app.py - login - 103 - user: a login
2019-06-14 14:47:16,698 - INFO - app.py - login - 103 - user: a login
2019-06-14 14:48:28,403 - INFO - app.py - login - 103 - user: a login
2019-06-14 14:48:57,724 - INFO - app.py - login - 103 - user: a login
2019-06-14 14:55:19,481 - INFO - app.py - login - 103 - user: a login
2019-06-14 14:57:48,740 - INFO - app.py - login - 103 - user: a login
2019-06-14 15:01:40,716 - INFO - app.py - login - 103 - user: a login
2019-06-14 15:03:20,831 - INFO - app.py - login - 103 - user: a login
2019-06-14 15:08:28,885 - INFO - app.py - login - 103 - user: a login
2019-06-14 15:11:32,443 - INFO - app.py - login - 103 - user: a login
2019-06-14 15:13:16,262 - INFO - app.py - login - 103 - user: a login
2019-06-14 15:15:37,188 - INFO - app.py - login - 103 - user: a login
2019-06-14 15:16:00,540 - INFO - app.py - login - 103 - user: a login
2019-06-14 15:22:27,988 - INFO - app.py - login - 103 - user: a login
2019-06-14 15:29:01,562 - INFO - app.py - login - 103 - user: a login
2019-06-14 15:32:05,146 - INFO - app.py - login - 103 - user: a login
2019-06-14 15:34:07,908 - INFO - app.py - login - 103 - user: a login
2019-06-14 15:34:44,329 - INFO - app.py - login - 103 - user: a login
2019-06-14 15:36:04,313 - INFO - app.py - login - 103 - user: a login
2019-06-14 15:37:15,074 - INFO - app.py - login - 103 - user: a login
2019-06-14 15:39:13,606 - INFO - app.py - login - 103 - user: 11@163.com login
2019-06-14 15:40:03,194 - INFO - app.py - login - 103 - user: a login
2019-06-14 15:45:55,638 - INFO - app.py - login - 103 - user: a login
2019-06-14 15:47:17,799 - INFO - app.py - login - 103 - user: a login
2019-06-14 15:47:36,678 - INFO - app.py - login - 103 - user: a login
2019-06-14 15:54:38,522 - INFO - app.py - login - 103 - user: a login
2019-06-14 16:05:25,126 - INFO - app.py - login - 103 - user: a login
2019-06-14 16:05:57,181 - INFO - app.py - login - 103 - user: a login
2019-06-14 18:25:23,148 - INFO - app.py - login - 103 - user: a login
2019-06-14 18:30:08,270 - INFO - app.py - login - 103 - user: a login
2019-06-14 18:30:14,715 - INFO - app.py - login - 103 - user: 11@163.com login
2019-06-14 18:34:13,786 - INFO - app.py - login - 103 - user: a login
2019-06-14 18:40:38,312 - INFO - app.py - login - 103 - user: a login
2019-06-14 18:42:05,569 - INFO - app.py - login - 103 - user: 11@163.com login
2019-06-14 18:45:45,560 - INFO - app.py - login - 103 - user: a login
2019-06-14 18:46:26,076 - INFO - app.py - login - 103 - user: a login
2019-06-14 18:48:33,158 - INFO - app.py - login - 103 - user: a login
2019-06-14 18:53:29,079 - INFO - app.py - login - 103 - user: a login
2019-06-14 18:54:41,020 - INFO - app.py - login - 103 - user: a login
2019-06-14 19:01:25,318 - INFO - app.py - login - 103 - user: a login
2019-06-14 19:04:56,363 - INFO - app.py - login - 103 - user: 11@163.com login
2019-06-14 19:05:29,883 - INFO - app.py - login - 103 - user: a login
2019-06-19 17:59:37,998 - INFO - app.py - login - 103 - user: a login
2019-06-19 18:29:35,515 - INFO - app.py - login - 103 - user: a login
2019-06-21 11:04:48,080 - INFO - app.py - login - 103 - user: a login
2019-06-21 11:08:20,199 - INFO - app.py - login - 103 - user: a login
2019-06-21 11:09:10,027 - INFO - app.py - login - 103 - user: a login
2019-06-21 11:11:28,551 - INFO - app.py - login - 103 - user: a login
2019-06-21 11:12:16,697 - INFO - app.py - login - 103 - user: a login
2019-06-21 11:12:48,080 - INFO - app.py - login - 103 - user: a login
2019-06-21 11:13:07,093 - INFO - app.py - login - 103 - user: a login
2019-06-21 12:04:53,705 - INFO - app.py - login - 101 - user: a login
2019-06-21 12:11:34,405 - INFO - app.py - login - 101 - user: a login
2019-06-21 12:12:20,927 - INFO - app.py - login - 101 - user: a login
2019-06-21 12:14:29,914 - INFO - app.py - login - 101 - user: a login
2019-06-21 12:17:40,008 - INFO - app.py - login - 101 - user: a login
2019-06-21 12:18:18,022 - INFO - app.py - login - 101 - user: a login
2019-06-21 12:19:37,141 - INFO - app.py - login - 101 - user: a login
2019-06-21 12:20:39,468 - INFO - app.py - login - 101 - user: a login
2019-06-21 15:33:27,985 - INFO - app.py - login - 122 - user: a login
2019-06-21 15:37:54,259 - INFO - app.py - login - 101 - user: a login
2019-06-21 15:38:00,734 - INFO - app.py - login - 101 - user: a login
2019-06-21 15:42:45,344 - INFO - app.py - login - 101 - user: a login
2019-06-21 15:45:50,018 - INFO - app.py - login - 101 - user: a login
2019-06-21 15:47:14,163 - INFO - app.py - login - 101 - user: a login
2019-06-21 15:51:49,732 - INFO - app.py - login - 101 - user: a login
2019-06-21 15:55:01,570 - INFO - app.py - login - 101 - user: a login
2019-06-21 15:57:39,740 - INFO - app.py - login - 101 - user: a login
2019-06-21 15:58:51,227 - INFO - app.py - login - 101 - user: a login
2019-06-21 15:59:50,363 - INFO - app.py - login - 101 - user: a login
2019-06-21 16:00:42,455 - INFO - app.py - login - 101 - user: a login
2019-06-21 16:01:01,326 - INFO - app.py - login - 101 - user: a login
2019-06-21 16:02:27,121 - INFO - app.py - login - 101 - user: a login
2019-06-21 16:03:17,303 - INFO - app.py - login - 101 - user: a login
2019-06-21 16:03:44,178 - INFO - app.py - login - 101 - user: a login
2019-06-21 16:09:08,438 - INFO - app.py - login - 101 - user: a login
2019-06-21 16:09:39,805 - INFO - app.py - login - 101 - user: 11@163.com login
2019-06-21 16:10:41,674 - INFO - app.py - login - 101 - user: a login
2019-06-21 16:14:07,702 - INFO - app.py - login - 101 - user: a login
2019-06-21 16:16:00,389 - INFO - app.py - login - 101 - user: a login
2019-06-21 16:16:46,755 - INFO - app.py - login - 101 - user: a login
2019-06-21 16:17:20,326 - INFO - app.py - login - 101 - user: a login
2019-06-21 16:17:47,041 - INFO - app.py - login - 101 - user: 11@163.com login
2019-06-21 16:18:00,406 - INFO - app.py - login - 101 - user: a login
2019-06-21 16:33:07,687 - INFO - app.py - login - 102 - user: a login
2019-06-21 16:33:58,872 - INFO - app.py - login - 102 - user: a login
2019-06-21 16:37:10,483 - INFO - app.py - login - 102 - user: a login
2019-06-21 16:37:50,144 - INFO - app.py - login - 102 - user: a login
2019-06-21 16:47:09,199 - INFO - app.py - login - 102 - user: a login
2019-06-21 16:47:35,917 - INFO - app.py - login - 102 - user: 11@163.com login
2019-06-21 16:49:29,150 - INFO - app.py - login - 102 - user: 11@163.com login
2019-06-21 16:50:20,742 - INFO - app.py - login - 102 - user: a login
2019-06-21 16:54:05,794 - INFO - app.py - login - 102 - user: a login
2019-06-21 16:58:29,718 - INFO - app.py - login - 102 - user: a login
2019-06-21 17:00:34,832 - INFO - app.py - login - 102 - user: a login
2019-06-21 17:00:53,981 - INFO - app.py - login - 102 - user: 11@163.com login
2019-06-21 17:01:27,459 - INFO - app.py - login - 102 - user: a login
2019-06-21 17:27:17,015 - INFO - app.py - login - 102 - user: a login
2019-06-21 17:32:24,118 - INFO - app.py - login - 102 - user: a login
2019-06-21 17:38:25,278 - INFO - app.py - login - 102 - user: a login
2019-06-21 17:41:07,087 - INFO - app.py - login - 102 - user: a login
2019-06-21 17:42:18,887 - INFO - app.py - login - 102 - user: a login
2019-06-21 17:43:01,147 - INFO - app.py - login - 102 - user: a login
2019-06-21 17:45:40,857 - INFO - app.py - login - 102 - user: a login
2019-06-21 17:50:08,027 - INFO - app.py - login - 102 - user: a login
2019-06-21 17:52:32,567 - INFO - app.py - login - 102 - user: a login
2019-06-21 17:54:19,966 - INFO - app.py - login - 102 - user: a login
2019-06-21 17:56:08,642 - INFO - app.py - login - 102 - user: a login
2019-06-21 17:56:13,731 - INFO - app.py - login - 102 - user: a login
2019-06-21 17:57:24,156 - INFO - app.py - login - 102 - user: a login
2019-06-21 18:04:41,066 - INFO - app.py - login - 102 - user: a login
2019-06-21 18:42:17,653 - INFO - app.py - login - 102 - user: a login
2019-06-21 18:47:59,626 - INFO - app.py - login - 102 - user: a login
2019-06-21 18:50:06,786 - INFO - app.py - login - 102 - user: a login
2019-06-21 18:57:01,082 - INFO - app.py - login - 102 - user: a login
2019-06-21 18:58:53,457 - INFO - app.py - login - 102 - user: a login
2019-06-21 19:00:51,912 - INFO - app.py - login - 102 - user: a login
2019-06-21 19:02:02,180 - INFO - app.py - login - 102 - user: a login
2019-06-21 19:03:06,451 - INFO - app.py - login - 102 - user: a login
2019-06-21 19:05:21,085 - INFO - app.py - login - 102 - user: a login
2019-06-21 19:06:00,364 - INFO - app.py - login - 102 - user: a login
2019-06-21 19:08:12,873 - INFO - app.py - login - 102 - user: a login
2019-06-21 19:15:19,023 - INFO - app.py - login - 102 - user: a login
2019-06-21 19:28:53,770 - INFO - app.py - login - 102 - user: a login
2019-06-21 19:33:43,992 - INFO - app.py - login - 102 - user: a login
2019-06-21 19:37:31,007 - INFO - app.py - login - 102 - user: a login
2019-06-21 19:40:31,312 - INFO - app.py - login - 102 - user: a login
2019-06-21 19:56:34,109 - INFO - app.py - login - 102 - user: a login
2019-06-21 20:37:59,775 - INFO - app.py - login - 102 - user: a login
2019-06-21 20:42:34,337 - INFO - app.py - login - 102 - user: a login
2019-06-21 20:44:38,636 - INFO - app.py - login - 102 - user: a login
2019-06-21 20:48:00,837 - INFO - app.py - login - 102 - user: a login
2019-06-21 20:58:02,117 - INFO - app.py - login - 102 - user: a login
2019-06-21 21:04:10,307 - INFO - app.py - login - 102 - user: a login
2019-06-21 21:07:56,230 - INFO - app.py - login - 102 - user: a login
2019-06-21 21:09:33,030 - INFO - app.py - login - 102 - user: a login
2019-06-21 21:10:18,807 - INFO - app.py - login - 102 - user: a login
2019-06-21 21:11:04,716 - INFO - app.py - login - 102 - user: a login
2019-06-21 21:18:49,104 - INFO - app.py - login - 102 - user: a login
2019-06-21 21:19:49,151 - INFO - app.py - login - 102 - user: a login
2019-06-21 21:20:32,057 - INFO - app.py - login - 102 - user: a login
2019-06-21 21:21:06,118 - INFO - app.py - login - 102 - user: a login
2019-06-21 21:21:41,044 - INFO - app.py - login - 102 - user: a login
2019-06-21 21:23:01,300 - INFO - app.py - login - 102 - user: a login
2019-06-21 21:26:12,986 - INFO - app.py - login - 102 - user: a login
2019-06-21 21:30:10,046 - INFO - app.py - login - 102 - user: a login
2019-06-21 21:31:16,758 - INFO - app.py - login - 102 - user: a login
2019-06-21 21:32:46,595 - INFO - app.py - login - 102 - user: a login
2019-06-21 21:38:59,697 - INFO - app.py - login - 102 - user: a login
2019-06-21 21:42:58,444 - INFO - app.py - login - 102 - user: a login
2019-06-21 21:45:24,946 - INFO - app.py - login - 102 - user: a login
2019-06-21 21:47:50,049 - INFO - app.py - login - 102 - user: a login
2019-06-21 21:56:07,276 - INFO - app.py - login - 102 - user: a login
2019-06-21 22:03:50,481 - INFO - app.py - login - 102 - user: a login
2019-06-21 22:05:02,715 - INFO - app.py - login - 102 - user: a login
2019-06-21 22:06:46,617 - INFO - app.py - login - 102 - user: a login
2019-06-21 22:08:58,371 - INFO - app.py - login - 102 - user: a login
2019-06-21 22:10:52,337 - INFO - app.py - login - 102 - user: a login
2019-06-21 22:12:16,367 - INFO - app.py - login - 102 - user: a login
2019-06-21 22:14:26,260 - INFO - app.py - login - 102 - user: a login
2019-06-21 22:15:34,971 - INFO - app.py - login - 102 - user: a login
2019-06-21 22:18:29,033 - INFO - app.py - login - 102 - user: a login
2019-06-21 22:20:04,784 - INFO - app.py - login - 102 - user: a login
2019-06-21 22:21:22,590 - INFO - app.py - login - 102 - user: a login
2019-06-21 22:22:13,904 - INFO - app.py - login - 102 - user: a login
2019-06-21 22:28:54,463 - INFO - app.py - login - 102 - user: a login
2019-06-21 22:31:27,877 - INFO - app.py - login - 102 - user: a login
2019-06-21 22:32:05,569 - INFO - app.py - login - 102 - user: a login
2019-06-21 22:33:51,214 - INFO - app.py - login - 102 - user: a login
2019-06-21 22:34:46,769 - INFO - app.py - login - 102 - user: a login
2019-06-21 22:35:31,308 - INFO - app.py - login - 102 - user: a login
2019-06-21 22:37:12,487 - INFO - app.py - login - 102 - user: a login
2019-06-21 22:38:20,444 - INFO - app.py - login - 102 - user: a login
2019-06-21 22:39:14,456 - INFO - app.py - login - 102 - user: a login
2019-06-21 22:40:55,237 - INFO - app.py - login - 102 - user: a login
2019-06-21 22:41:38,037 - INFO - app.py - login - 102 - user: a login
2019-06-22 09:21:18,458 - INFO - app.py - login - 102 - user: a login
2019-06-22 11:00:54,367 - INFO - app.py - login - 102 - user: a login
2019-06-22 11:03:11,713 - INFO - app.py - login - 102 - user: a login
2019-06-22 11:04:33,494 - INFO - app.py - login - 102 - user: a login
2019-06-22 11:05:58,125 - INFO - app.py - login - 102 - user: a login
2019-06-22 11:15:37,547 - INFO - app.py - login - 102 - user: 11@163.com login
2019-06-22 11:16:48,259 - INFO - app.py - login - 102 - user: a login
2019-06-22 11:21:32,181 - INFO - app.py - login - 102 - user: a login
2019-06-22 11:25:13,861 - INFO - app.py - login - 102 - user: a login
2019-06-22 11:47:19,876 - INFO - app.py - login - 102 - user: 11@163.com login
2019-06-22 11:48:44,710 - INFO - app.py - login - 102 - user: a login
2019-06-22 11:49:44,085 - INFO - app.py - login - 102 - user: a login
2019-06-22 11:55:00,687 - INFO - app.py - login - 102 - user: a login
2019-06-22 11:56:35,927 - INFO - app.py - login - 102 - user: a login
2019-06-22 12:05:20,462 - INFO - app.py - login - 102 - user: a login
2019-06-22 12:06:14,016 - INFO - app.py - login - 102 - user: a login
2019-06-22 12:06:45,620 - INFO - app.py - login - 102 - user: a login
2019-06-22 12:09:28,305 - INFO - app.py - login - 102 - user: a login
2019-06-22 12:10:39,424 - INFO - app.py - login - 102 - user: a login
2019-06-22 12:11:19,112 - INFO - app.py - login - 102 - user: a login
2019-06-22 12:12:28,777 - INFO - app.py - login - 102 - user: a login
2019-06-22 12:13:06,223 - INFO - app.py - login - 102 - user: a login
2019-06-22 12:13:35,741 - INFO - app.py - login - 102 - user: a login
2019-06-22 12:14:40,531 - INFO - app.py - login - 102 - user: a login
2019-06-22 12:25:57,719 - INFO - app.py - login - 102 - user: a login
2019-06-22 12:27:57,098 - INFO - app.py - login - 102 - user: a login
2019-06-22 12:31:34,371 - INFO - app.py - login - 102 - user: a login
2019-06-22 13:04:26,624 - INFO - app.py - login - 102 - user: a login
2019-06-22 13:05:48,375 - INFO - app.py - login - 102 - user: a login
2019-06-22 13:10:02,673 - INFO - app.py - login - 102 - user: a login
2019-06-22 13:11:27,422 - INFO - app.py - login - 102 - user: a login
2019-06-22 13:15:21,273 - INFO - app.py - login - 102 - user: a login
2019-06-22 13:18:25,366 - INFO - app.py - login - 102 - user: a login
2019-06-22 13:21:18,879 - INFO - app.py - login - 102 - user: a login
2019-06-22 13:22:54,330 - INFO - app.py - login - 102 - user: a login
2019-06-22 13:23:18,327 - INFO - app.py - login - 102 - user: a login
2019-06-22 13:26:53,242 - INFO - app.py - login - 102 - user: a login
2019-06-22 13:28:25,770 - INFO - app.py - login - 102 - user: a login
2019-06-22 13:28:47,889 - INFO - app.py - login - 102 - user: a login
2019-06-22 13:32:24,606 - INFO - app.py - login - 102 - user: a login
2019-06-22 13:34:02,465 - INFO - app.py - login - 102 - user: a login
2019-06-22 13:52:46,101 - INFO - app.py - login - 105 - user: a login
2019-06-22 13:57:45,045 - INFO - app.py - login - 105 - user: a login
2019-06-22 13:59:41,596 - INFO - app.py - login - 105 - user: a login
2019-06-22 14:03:05,962 - INFO - app.py - login - 105 - user: a login
2019-06-22 14:06:01,954 - INFO - app.py - login - 105 - user: a login
2019-06-22 14:14:45,040 - INFO - app.py - login - 105 - user: a login
2019-06-22 14:17:04,936 - INFO - app.py - login - 105 - user: a login
2019-06-22 14:20:30,046 - INFO - app.py - login - 105 - user: a login
2019-06-22 14:22:22,438 - INFO - app.py - login - 105 - user: a login
2019-06-22 14:24:39,491 - INFO - app.py - login - 105 - user: a login
2019-06-22 14:25:27,839 - INFO - app.py - login - 105 - user: a login
2019-06-22 14:27:12,735 - INFO - app.py - login - 105 - user: a login
2019-06-22 14:29:18,055 - INFO - app.py - login - 105 - user: a login
2019-06-22 14:31:21,263 - INFO - app.py - login - 105 - user: a login
2019-06-22 14:32:29,876 - INFO - app.py - login - 105 - user: a login
2019-06-22 14:34:44,254 - INFO - app.py - login - 105 - user: a login
2019-06-22 14:36:21,096 - INFO - app.py - login - 105 - user: a login
2019-06-22 14:38:03,160 - INFO - app.py - login - 105 - user: a login
2019-06-22 14:43:29,278 - INFO - app.py - login - 105 - user: a login
2019-06-22 14:48:32,567 - INFO - app.py - login - 105 - user: a login
2019-06-22 14:51:00,730 - INFO - app.py - login - 105 - user: a login
2019-06-22 14:52:34,076 - INFO - app.py - login - 105 - user: a login
2019-06-22 15:00:55,179 - INFO - app.py - login - 105 - user: a login
2019-06-22 15:03:54,756 - INFO - app.py - login - 105 - user: a login
2019-06-22 15:18:07,630 - INFO - app.py - login - 105 - user: a login
2019-06-22 15:23:48,363 - INFO - app.py - login - 105 - user: a login
2019-06-22 15:33:53,352 - INFO - app.py - login - 105 - user: a login
2019-06-22 15:34:45,205 - INFO - app.py - login - 105 - user: a login
2019-06-22 15:36:10,248 - INFO - app.py - login - 105 - user: a login
2019-06-22 15:42:33,053 - INFO - app.py - login - 105 - user: a login
2019-06-22 15:45:02,600 - INFO - app.py - login - 105 - user: a login
2019-06-22 15:48:26,272 - INFO - app.py - login - 105 - user: a login
2019-06-22 15:51:41,889 - INFO - app.py - login - 105 - user: a login
2019-06-22 15:54:10,347 - INFO - app.py - login - 105 - user: a login
2019-06-22 15:55:36,635 - INFO - app.py - login - 105 - user: a login
2019-06-22 16:13:00,449 - INFO - app.py - login - 105 - user: a login
2019-06-22 16:43:18,669 - INFO - app.py - login - 105 - user: a login
2019-06-22 17:02:19,075 - INFO - app.py - login - 105 - user: a login
2019-06-22 17:05:24,728 - INFO - app.py - login - 105 - user: a login
2019-06-22 17:09:34,126 - INFO - app.py - login - 105 - user: a login
2019-06-22 17:10:23,412 - INFO - app.py - login - 105 - user: a login
2019-06-22 17:14:56,707 - INFO - app.py - login - 105 - user: a login
2019-06-22 18:00:13,059 - INFO - app.py - login - 105 - user: a login
2019-06-22 18:01:43,623 - INFO - app.py - login - 105 - user: a login
2019-06-22 18:02:03,970 - INFO - app.py - login - 105 - user: a login
2019-06-22 18:10:36,285 - INFO - app.py - login - 105 - user: a login
2019-06-22 18:28:19,171 - INFO - app.py - register - 77 - user: Eeeee sign in
2019-06-22 18:35:35,903 - INFO - app.py - register - 77 - user: ee sign in
2019-06-22 18:38:00,486 - INFO - app.py - login - 105 - user: a login
2019-06-22 18:38:15,819 - INFO - app.py - login - 105 - user: ee login
2019-06-22 18:43:01,450 - INFO - app.py - login - 105 - user: ee login
2019-06-22 19:04:04,646 - INFO - app.py - register - 77 - user: Cyneric sign in
2019-06-22 19:53:07,121 - INFO - app.py - login - 105 - user: Alice login
2019-06-22 19:56:22,140 - INFO - app.py - login - 105 - user: Alice login
2019-06-22 20:00:52,495 - INFO - app.py - login - 105 - user: Alice login
2019-06-22 21:00:25,074 - INFO - app.py - login - 105 - user: a login
2019-06-22 21:09:07,683 - INFO - app.py - login - 105 - user: a login
2019-06-22 21:12:15,388 - INFO - app.py - login - 105 - user: a login
2019-06-22 21:16:53,722 - INFO - app.py - login - 105 - user: a login
2019-06-22 21:19:14,870 - INFO - app.py - login - 105 - user: a login
2019-06-22 21:21:14,380 - INFO - app.py - login - 105 - user: a login
2019-06-22 21:26:21,221 - INFO - app.py - login - 105 - user: a login
2019-06-22 21:36:04,047 - INFO - app.py - login - 105 - user: Alice login
2019-06-22 21:39:30,071 - INFO - app.py - login - 105 - user: a login
2019-06-22 21:39:55,646 - INFO - app.py - login - 105 - user: Alice login
2019-06-22 21:40:58,961 - INFO - app.py - login - 105 - user: Alice login
2019-06-22 21:44:14,362 - INFO - app.py - login - 105 - user: a login
2019-06-22 21:44:40,116 - INFO - app.py - login - 105 - user: a login
2019-06-22 21:45:25,548 - INFO - app.py - login - 105 - user: a login
2019-06-22 21:47:03,043 - INFO - app.py - login - 105 - user: a login
2019-06-22 21:48:35,201 - INFO - app.py - login - 105 - user: a login
2019-06-22 21:49:36,139 - INFO - app.py - login - 105 - user: a login
2019-06-22 21:51:59,579 - INFO - app.py - login - 105 - user: a login
2019-06-22 21:53:51,887 - INFO - app.py - login - 105 - user: a login
2019-06-22 21:55:43,390 - INFO - app.py - login - 105 - user: a login
2019-06-22 21:58:15,709 - INFO - app.py - login - 105 - user: a login
2019-06-22 22:00:02,549 - INFO - app.py - login - 105 - user: a login
2019-06-22 22:01:48,912 - INFO - app.py - login - 105 - user: a login
2019-06-22 22:02:22,776 - INFO - app.py - login - 105 - user: a login
2019-06-22 22:03:21,317 - INFO - app.py - login - 105 - user: Alice login
2019-06-22 22:05:01,527 - INFO - app.py - login - 105 - user: a login
2019-06-22 22:06:57,320 - INFO - app.py - login - 105 - user: a login
2019-06-22 22:12:00,317 - INFO - app.py - login - 105 - user: Alice login
2019-06-28 00:05:44,703 - INFO - app.py - login - 105 - user: Alice login
2019-06-28 00:10:07,552 - INFO - app.py - login - 105 - user: Cyneric login
2019-06-28 00:11:11,017 - INFO - app.py - login - 105 - user: Alice login
2019-06-28 01:14:20,619 - INFO - app.py - login - 105 - user: Alice login
2019-06-28 01:19:35,630 - INFO - app.py - login - 105 - user: Cyneric login
2019-06-28 01:22:01,563 - INFO - app.py - login - 105 - user: Cyneric login
2019-06-28 01:22:07,767 - INFO - app.py - login - 105 - user: Alice login
